TN:
SF:script/DeployFactoryNFTContract.s.sol
FN:12,DeployFactoryNFTContract.
FNDA:4,DeployFactoryNFTContract.
DA:13,4
DA:13,4
FN:16,DeployFactoryNFTContract.run
FNDA:4,DeployFactoryNFTContract.run
DA:17,4
DA:17,4
DA:17,4
DA:19,4
DA:19,4
DA:19,4
DA:21,4
DA:21,4
FN:24,DeployFactoryNFTContract.getHelperConfig
FNDA:1,DeployFactoryNFTContract.getHelperConfig
DA:25,1
DA:25,1
FNF:3
FNH:3
LF:5
LH:5
BRF:0
BRH:0
end_of_record
TN:
SF:script/DeployMarketPlace.s.sol
FN:12,DeployMarketPlace.
FNDA:9,DeployMarketPlace.
DA:13,9
DA:13,9
FN:16,DeployMarketPlace.run
FNDA:29,DeployMarketPlace.run
DA:17,29
DA:17,29
DA:17,29
DA:19,29
DA:19,29
DA:19,29
DA:21,29
DA:21,29
FN:24,DeployMarketPlace.getHelperConfig
FNDA:1,DeployMarketPlace.getHelperConfig
DA:25,1
DA:25,1
FNF:3
FNH:3
LF:5
LH:5
BRF:0
BRH:0
end_of_record
TN:
SF:script/HelperConfig.s.sol
FN:38,HelperConfig.
FNDA:216,HelperConfig.
DA:39,62
DA:39,62
DA:40,62
DA:40,62
DA:41,277
DA:41,277
DA:42,311
DA:42,311
DA:43,302
DA:43,302
DA:44,37
DA:44,37
FN:47,HelperConfig.getConfigByChainId
FNDA:2,HelperConfig.getConfigByChainId
DA:48,36
DA:48,36
DA:48,36
BRDA:48,0,0,1
BRDA:48,0,1,35
DA:49,1
DA:49,1
DA:51,35
DA:51,35
DA:51,35
FN:55,HelperConfig.getActiveNetworkConfig
FNDA:34,HelperConfig.getActiveNetworkConfig
DA:56,34
DA:56,34
DA:56,34
FN:62,HelperConfig.getEthMainnetConfig
FNDA:277,HelperConfig.getEthMainnetConfig
DA:63,37
DA:63,37
DA:63,37
FN:66,HelperConfig.getZkSyncConfig
FNDA:37,HelperConfig.getZkSyncConfig
DA:67,37
DA:67,37
DA:67,37
FN:70,HelperConfig.getZkSyncSepoliaConfig
FNDA:74,HelperConfig.getZkSyncSepoliaConfig
DA:71,74
DA:71,74
DA:71,74
FN:74,HelperConfig.getPolygonMainnetConfig
FNDA:37,HelperConfig.getPolygonMainnetConfig
DA:75,46
DA:75,46
DA:75,46
FN:78,HelperConfig.getPolygonMumbaiConfig
FNDA:37,HelperConfig.getPolygonMumbaiConfig
DA:79,46
DA:79,46
DA:79,46
FN:85,HelperConfig.getOrCreateAnvilEthConfig
FNDA:2,HelperConfig.getOrCreateAnvilEthConfig
DA:86,37
DA:86,37
DA:86,37
BRDA:86,1,0,2
BRDA:86,1,1,35
DA:87,2
DA:87,2
DA:89,35
DA:89,35
DA:90,35
DA:90,35
DA:92,35
DA:92,35
DA:94,35
DA:94,35
DA:95,35
DA:95,35
FN:101,HelperConfig._deployMocks
FNDA:35,HelperConfig._deployMocks
FNF:10
FNH:10
LF:22
LH:22
BRF:4
BRH:4
end_of_record
TN:
SF:src/FactoryNFTContract.sol
FN:21,FactoryNFTContract.
FNDA:4,FactoryNFTContract.
FN:23,FactoryNFTContract.createCollection
FNDA:2,FactoryNFTContract.createCollection
DA:33,2
DA:33,2
DA:33,2
DA:34,2
DA:34,2
DA:35,2
DA:35,2
FN:38,FactoryNFTContract.getCollections
FNDA:4,FactoryNFTContract.getCollections
DA:39,4
DA:39,4
FNF:3
FNH:3
LF:4
LH:4
BRF:0
BRH:0
end_of_record
TN:
SF:src/MarketPlace.sol
FN:58,MarketPlace.
FNDA:9,MarketPlace.
FN:71,MarketPlace.listNFT
FNDA:994,MarketPlace.listNFT
DA:72,994
DA:72,994
DA:72,994
DA:73,994
DA:73,994
BRDA:73,0,0,1
BRDA:73,0,1,993
DA:74,1
DA:74,1
DA:76,993
DA:76,993
DA:76,993
BRDA:76,1,0,1
BRDA:76,1,1,992
DA:77,1
DA:77,1
DA:79,992
DA:79,992
BRDA:79,2,0,1
BRDA:79,2,1,991
DA:80,1
DA:80,1
DA:84,991
DA:84,991
DA:86,991
DA:86,991
FN:95,MarketPlace.delistNFT
FNDA:4,MarketPlace.delistNFT
DA:96,4
DA:96,4
DA:99,4
DA:99,4
BRDA:99,3,0,1
BRDA:99,3,1,3
DA:100,1
DA:100,1
DA:104,3
DA:104,3
DA:107,3
DA:107,3
FN:118,MarketPlace.buyNFT
FNDA:8,MarketPlace.buyNFT
DA:119,8
DA:119,8
DA:121,8
DA:121,8
DA:123,8
DA:123,8
BRDA:123,4,0,1
BRDA:123,4,1,7
DA:124,1
DA:124,1
DA:128,7
DA:128,7
DA:131,7
DA:131,7
DA:134,7
DA:134,7
DA:137,7
DA:137,7
DA:140,7
DA:140,7
FN:147,MarketPlace.withdrawProceeds
FNDA:4,MarketPlace.withdrawProceeds
DA:148,4
DA:148,4
DA:149,4
DA:149,4
BRDA:149,5,0,1
BRDA:149,5,1,3
DA:149,1
DA:152,3
DA:152,3
DA:152,3
DA:153,3
DA:153,3
BRDA:153,6,0,1
BRDA:153,6,1,2
DA:153,1
DA:155,2
DA:155,2
DA:157,2
DA:157,2
FN:169,MarketPlace.getListing
FNDA:977,MarketPlace.getListing
DA:170,977
DA:170,977
FN:178,MarketPlace.getSellerProceeds
FNDA:12,MarketPlace.getSellerProceeds
DA:179,12
DA:179,12
FNF:7
FNH:7
LF:31
LH:31
BRF:14
BRH:14
end_of_record
TN:
SF:src/NFTContract.sol
FN:40,NFTContract.
FNDA:8,NFTContract.
DA:51,6
DA:51,6
BRDA:51,0,0,4
BRDA:51,0,1,4
DA:52,4
DA:52,4
DA:54,4
DA:54,4
DA:55,4
DA:55,4
DA:56,4
DA:56,4
DA:57,4
DA:57,4
FN:69,NFTContract.safeMint
FNDA:79,NFTContract.safeMint
DA:70,79
DA:70,79
BRDA:70,1,0,1
BRDA:70,1,1,78
DA:71,1
DA:71,1
DA:73,78
DA:73,78
DA:73,78
DA:74,78
DA:74,78
DA:75,78
DA:75,78
DA:77,78
DA:77,78
FN:80,NFTContract.updateRoyaltyInfo
FNDA:3,NFTContract.updateRoyaltyInfo
DA:81,3
DA:81,3
BRDA:81,2,0,1
BRDA:81,2,1,2
DA:82,1
DA:82,1
DA:84,2
DA:84,2
DA:85,2
DA:85,2
DA:87,2
DA:87,2
FN:90,NFTContract.setBaseURI
FNDA:1,NFTContract.setBaseURI
DA:91,1
DA:91,1
FN:94,NFTContract.getBaseURI
FNDA:2,NFTContract.getBaseURI
DA:95,2
DA:95,2
FN:104,NFTContract.getMaxSupply
FNDA:1,NFTContract.getMaxSupply
DA:105,1
DA:105,1
FN:108,NFTContract.getRoyaltyPercentage
FNDA:3,NFTContract.getRoyaltyPercentage
DA:109,3
DA:109,3
FN:113,NFTContract._baseURI
FNDA:1,NFTContract._baseURI
DA:114,1
DA:114,1
FN:117,NFTContract._update
FNDA:78,NFTContract._update
DA:126,78
DA:126,78
DA:126,78
FN:129,NFTContract._increaseBalance
FNDA:0,NFTContract._increaseBalance
DA:130,0
DA:130,0
FN:133,NFTContract.tokenURI
FNDA:1,NFTContract.tokenURI
DA:134,1
DA:134,1
DA:134,1
FN:137,NFTContract.supportsInterface
FNDA:2,NFTContract.supportsInterface
DA:143,2
DA:143,2
DA:143,2
FNF:12
FNH:11
LF:26
LH:25
BRF:6
BRH:6
end_of_record
TN:
SF:test/mocks/MockERC721.sol
FN:10,MockERC721.
FNDA:9,MockERC721.
DA:11,7
DA:11,7
FN:14,MockERC721.mint
FNDA:1284,MockERC721.mint
DA:15,1284
DA:15,1284
DA:16,1284
DA:16,1284
FN:19,MockERC721.transferFrom
FNDA:1,MockERC721.transferFrom
DA:20,8
DA:20,8
FN:23,MockERC721.approve
FNDA:10,MockERC721.approve
DA:24,10
DA:24,10
FN:27,MockERC721.burn
FNDA:1,MockERC721.burn
DA:28,1
DA:28,1
DA:29,1
DA:29,1
FN:32,MockERC721.ownerOf
FNDA:998,MockERC721.ownerOf
DA:33,998
DA:33,998
DA:33,998
FN:36,MockERC721.balanceOf
FNDA:4,MockERC721.balanceOf
DA:37,4
DA:37,4
DA:37,4
FN:41,MockERC721.getTotalSupply
FNDA:6,MockERC721.getTotalSupply
DA:42,6
DA:42,6
FNF:8
FNH:8
LF:10
LH:10
BRF:0
BRH:0
end_of_record
