TN:
SF:script/DeployFactoryNFTContract.s.sol
FN:20,DeployFactoryNFTContract.run
FNDA:3,DeployFactoryNFTContract.run
DA:21,3
DA:22,3
DA:24,3
DA:26,3
FNF:1
FNH:1
LF:4
LH:4
BRF:0
BRH:0
end_of_record
TN:
SF:script/DeployMarketPlace.s.sol
FN:20,DeployMarketPlace.run
FNDA:33,DeployMarketPlace.run
DA:21,33
DA:22,33
DA:24,33
DA:26,33
FNF:1
FNH:1
LF:4
LH:4
BRF:0
BRH:0
end_of_record
TN:
SF:script/HelperConfig.s.sol
FN:48,HelperConfig.
FNDA:291,HelperConfig.
DA:49,227
DA:50,387
DA:51,67
DA:52,67
DA:53,67
DA:54,67
DA:55,387
DA:56,67
DA:57,67
DA:58,67
DA:59,67
DA:60,67
FN:63,HelperConfig.getConfigByChainId
FNDA:2,HelperConfig.getConfigByChainId
DA:64,5
BRDA:64,0,0,1
BRDA:64,0,1,4
DA:65,1
DA:67,4
FN:71,HelperConfig.getActiveNetworkConfig
FNDA:3,HelperConfig.getActiveNetworkConfig
DA:72,3
FN:78,HelperConfig.getEthMainnetConfig
FNDA:67,HelperConfig.getEthMainnetConfig
DA:79,67
FN:82,HelperConfig.getSepoliaConfig
FNDA:67,HelperConfig.getSepoliaConfig
DA:83,67
FN:86,HelperConfig.getZkSyncConfig
FNDA:67,HelperConfig.getZkSyncConfig
DA:87,67
FN:90,HelperConfig.getZkSyncSepoliaConfig
FNDA:67,HelperConfig.getZkSyncSepoliaConfig
DA:91,67
FN:94,HelperConfig.getPolygonMainnetConfig
FNDA:67,HelperConfig.getPolygonMainnetConfig
DA:95,67
FN:98,HelperConfig.getPolygonMumbaiConfig
FNDA:67,HelperConfig.getPolygonMumbaiConfig
DA:99,67
FN:102,HelperConfig.getModeMainnetConfig
FNDA:67,HelperConfig.getModeMainnetConfig
DA:103,67
FN:106,HelperConfig.getModeSepoliaConfig
FNDA:67,HelperConfig.getModeSepoliaConfig
DA:107,67
FN:110,HelperConfig.getOpMainnetConfig
FNDA:67,HelperConfig.getOpMainnetConfig
DA:111,67
FN:114,HelperConfig.getOpSepoliaConfig
FNDA:67,HelperConfig.getOpSepoliaConfig
DA:115,67
FN:118,HelperConfig.getBaseMainnetConfig
FNDA:67,HelperConfig.getBaseMainnetConfig
DA:119,67
FN:122,HelperConfig.getBaseSepoliaConfig
FNDA:67,HelperConfig.getBaseSepoliaConfig
DA:123,67
FN:129,HelperConfig.getOrCreateAnvilEthConfig
FNDA:35,HelperConfig.getOrCreateAnvilEthConfig
DA:130,39
BRDA:130,1,0,1
DA:131,1
DA:133,38
DA:134,38
DA:136,38
DA:138,38
DA:139,38
FN:145,HelperConfig._deployMocks
FNDA:38,HelperConfig._deployMocks
FNF:17
FNH:17
LF:35
LH:35
BRF:3
BRH:3
end_of_record
TN:
SF:src/FactoryNFTContract.sol
FN:45,FactoryNFTContract.
FNDA:5,FactoryNFTContract.
FN:63,FactoryNFTContract.createCollection
FNDA:2,FactoryNFTContract.createCollection
DA:76,2
BRDA:76,0,0,-
DA:77,0
DA:79,2
DA:80,2
DA:81,2
DA:82,2
FN:90,FactoryNFTContract.setFee
FNDA:0,FactoryNFTContract.setFee
DA:91,0
FN:99,FactoryNFTContract.withdraw
FNDA:0,FactoryNFTContract.withdraw
DA:100,0
BRDA:100,1,0,-
DA:101,0
DA:103,0
FN:114,FactoryNFTContract.getCollections
FNDA:4,FactoryNFTContract.getCollections
DA:115,4
FN:123,FactoryNFTContract.getFee
FNDA:0,FactoryNFTContract.getFee
DA:124,0
FNF:6
FNH:3
LF:12
LH:6
BRF:2
BRH:0
end_of_record
TN:
SF:src/MarketPlace.sol
FN:101,MarketPlace.
FNDA:10,MarketPlace.
DA:102,2
DA:103,14
FN:106,MarketPlace.onlyDedicatedMsgSender
FNDA:0,MarketPlace.onlyDedicatedMsgSender
DA:107,0
BRDA:107,0,0,-
DA:108,0
FN:116,MarketPlace.listNFT
FNDA:29,MarketPlace.listNFT
DA:117,29
BRDA:117,1,0,1
DA:118,1
DA:120,28
BRDA:120,2,0,1
DA:121,1
DA:123,27
BRDA:123,3,0,1
DA:124,1
DA:126,26
DA:127,26
DA:129,26
DA:131,26
FN:134,MarketPlace.delistNFT
FNDA:4,MarketPlace.delistNFT
DA:135,4
DA:136,4
DA:137,4
DA:138,4
BRDA:138,4,0,1
DA:139,1
DA:142,3
DA:143,3
DA:144,3
DA:146,3
FN:149,MarketPlace.buyNFT
FNDA:13,MarketPlace.buyNFT
DA:150,13
DA:151,13
DA:152,13
DA:153,13
DA:154,13
DA:155,13
DA:157,13
BRDA:157,5,0,1
DA:158,1
DA:160,12
BRDA:160,6,0,1
DA:161,1
DA:164,11
DA:165,11
DA:166,11
DA:168,11
DA:170,11
DA:171,11
BRDA:171,7,0,-
DA:173,11
FN:176,MarketPlace.createAuction
FNDA:8,MarketPlace.createAuction
DA:184,8
BRDA:184,8,0,1
DA:185,1
DA:187,7
BRDA:187,9,0,1
DA:188,1
DA:190,6
BRDA:190,10,0,1
DA:191,1
DA:194,5
DA:195,5
DA:196,5
DA:206,5
DA:208,5
DA:210,5
FN:213,MarketPlace.bidOnAuction
FNDA:6,MarketPlace.bidOnAuction
DA:214,6
DA:215,6
BRDA:215,11,0,1
DA:216,1
DA:218,5
BRDA:218,12,0,1
DA:219,1
DA:221,4
BRDA:221,13,0,1
DA:222,1
DA:225,3
DA:226,3
DA:228,3
DA:229,3
DA:231,3
BRDA:231,14,0,1
DA:233,1
DA:234,1
BRDA:234,15,0,-
DA:237,3
FN:240,MarketPlace.endAuction
FNDA:0,MarketPlace.endAuction
DA:241,0
DA:242,0
BRDA:242,16,0,-
DA:243,0
DA:245,0
BRDA:245,17,0,-
DA:246,0
DA:249,0
DA:250,0
DA:252,0
BRDA:252,18,0,-
BRDA:252,18,1,-
DA:253,0
DA:254,0
DA:255,0
BRDA:255,19,0,-
DA:258,0
DA:261,0
FN:264,MarketPlace.setDedicatedMsgSender
FNDA:0,MarketPlace.setDedicatedMsgSender
DA:265,0
BRDA:265,20,0,-
DA:266,0
DA:269,0
DA:270,0
FN:273,MarketPlace.setFee
FNDA:4,MarketPlace.setFee
DA:274,4
DA:275,4
FN:278,MarketPlace.withdraw
FNDA:4,MarketPlace.withdraw
DA:279,4
BRDA:279,21,0,1
DA:280,1
DA:282,3
BRDA:282,22,0,1
DA:283,1
DA:285,2
BRDA:285,23,0,1
DA:286,1
DA:289,1
DA:290,1
BRDA:290,24,0,-
FN:293,MarketPlace.onERC721Received
FNDA:5,MarketPlace.onERC721Received
DA:304,5
FN:310,MarketPlace.auctionEnded
FNDA:0,MarketPlace.auctionEnded
DA:311,0
DA:312,0
FN:320,MarketPlace.getFee
FNDA:5,MarketPlace.getFee
DA:321,5
FN:324,MarketPlace.getListingDetails
FNDA:8,MarketPlace.getListingDetails
DA:331,8
BRDA:331,25,0,1
DA:332,1
DA:334,7
DA:335,7
FN:338,MarketPlace.getCurrentListingIdCounter
FNDA:3,MarketPlace.getCurrentListingIdCounter
DA:339,3
FN:342,MarketPlace.getNFTStatus
FNDA:3,MarketPlace.getNFTStatus
DA:343,3
FNF:17
FNH:13
LF:104
LH:83
BRF:27
BRH:17
end_of_record
TN:
SF:src/NFTContract.sol
FN:58,NFTContract.
FNDA:37,NFTContract.
DA:70,31
BRDA:70,0,0,7
DA:71,7
DA:73,28
DA:74,28
DA:75,28
DA:76,32
DA:77,32
FN:91,NFTContract.safeMint
FNDA:83,NFTContract.safeMint
DA:92,83
BRDA:92,1,0,1
DA:93,1
DA:95,82
BRDA:95,2,0,1
DA:96,1
DA:98,81
DA:99,81
DA:100,81
DA:103,81
BRDA:103,3,0,2
DA:104,2
DA:107,81
FN:118,NFTContract.updateRoyaltyInfo
FNDA:3,NFTContract.updateRoyaltyInfo
DA:119,3
BRDA:119,4,0,1
DA:120,1
DA:122,2
DA:123,2
DA:125,2
FN:133,NFTContract.setBaseURI
FNDA:1,NFTContract.setBaseURI
DA:134,1
FN:144,NFTContract.getMaxSupply
FNDA:1,NFTContract.getMaxSupply
DA:145,1
FN:152,NFTContract.getRoyaltyPercentage
FNDA:3,NFTContract.getRoyaltyPercentage
DA:153,3
FN:160,NFTContract.getBaseURI
FNDA:2,NFTContract.getBaseURI
DA:161,2
FN:164,NFTContract.getMintPrice
FNDA:0,NFTContract.getMintPrice
DA:165,0
FN:175,NFTContract._baseURI
FNDA:1,NFTContract._baseURI
DA:176,1
FN:186,NFTContract._update
FNDA:81,NFTContract._update
DA:195,81
FN:204,NFTContract._increaseBalance
FNDA:0,NFTContract._increaseBalance
DA:205,0
FN:214,NFTContract.tokenURI
FNDA:1,NFTContract.tokenURI
DA:215,1
FN:224,NFTContract.supportsInterface
FNDA:2,NFTContract.supportsInterface
DA:230,2
FNF:13
FNH:11
LF:32
LH:30
BRF:5
BRH:5
end_of_record
TN:
SF:test/mocks/MockERC721.sol
FN:13,MockERC721.
FNDA:0,MockERC721.
FN:19,MockERC721.safeMint
FNDA:438,MockERC721.safeMint
DA:20,438
DA:21,438
FN:28,MockERC721.getCurrentTokenId
FNDA:0,MockERC721.getCurrentTokenId
DA:29,0
FN:32,MockERC721.getTotalSupply
FNDA:3,MockERC721.getTotalSupply
DA:33,3
FNF:4
FNH:2
LF:4
LH:3
BRF:0
BRH:0
end_of_record
