TN:
SF:script/DeployFactoryNFTContract.s.sol
FN:20,DeployFactoryNFTContract.
FNDA:4,DeployFactoryNFTContract.
DA:21,4
DA:21,4
FN:30,DeployFactoryNFTContract.run
FNDA:4,DeployFactoryNFTContract.run
DA:31,4
DA:31,4
DA:31,4
DA:33,4
DA:33,4
DA:33,4
DA:35,4
DA:35,4
FN:42,DeployFactoryNFTContract.getHelperConfig
FNDA:1,DeployFactoryNFTContract.getHelperConfig
DA:43,1
DA:43,1
FNF:3
FNH:3
LF:5
LH:5
BRF:0
BRH:0
end_of_record
TN:
SF:script/DeployMarketPlace.s.sol
FN:20,DeployMarketPlace.
FNDA:9,DeployMarketPlace.
DA:21,9
DA:21,9
FN:30,DeployMarketPlace.run
FNDA:32,DeployMarketPlace.run
DA:31,32
DA:31,32
DA:31,32
DA:33,32
DA:33,32
DA:33,32
DA:35,32
DA:35,32
FN:42,DeployMarketPlace.getHelperConfig
FNDA:1,DeployMarketPlace.getHelperConfig
DA:43,1
DA:43,1
FNF:3
FNH:3
LF:5
LH:5
BRF:0
BRH:0
end_of_record
TN:
SF:script/HelperConfig.s.sol
FN:38,HelperConfig.
FNDA:240,HelperConfig.
DA:39,68
DA:39,68
DA:40,68
DA:40,68
DA:41,310
DA:41,310
DA:42,338
DA:42,338
DA:43,338
DA:43,338
DA:44,40
DA:44,40
FN:47,HelperConfig.getConfigByChainId
FNDA:2,HelperConfig.getConfigByChainId
DA:48,39
DA:48,39
DA:48,39
BRDA:48,0,0,1
BRDA:48,0,1,38
DA:49,1
DA:49,1
DA:51,38
DA:51,38
DA:51,38
FN:55,HelperConfig.getActiveNetworkConfig
FNDA:37,HelperConfig.getActiveNetworkConfig
DA:56,37
DA:56,37
DA:56,37
FN:62,HelperConfig.getEthMainnetConfig
FNDA:310,HelperConfig.getEthMainnetConfig
DA:63,40
DA:63,40
DA:63,40
FN:66,HelperConfig.getZkSyncConfig
FNDA:40,HelperConfig.getZkSyncConfig
DA:67,40
DA:67,40
DA:67,40
FN:70,HelperConfig.getZkSyncSepoliaConfig
FNDA:80,HelperConfig.getZkSyncSepoliaConfig
DA:71,80
DA:71,80
DA:71,80
FN:74,HelperConfig.getPolygonMainnetConfig
FNDA:40,HelperConfig.getPolygonMainnetConfig
DA:75,49
DA:75,49
DA:75,49
FN:78,HelperConfig.getPolygonMumbaiConfig
FNDA:40,HelperConfig.getPolygonMumbaiConfig
DA:79,49
DA:79,49
DA:79,49
FN:85,HelperConfig.getOrCreateAnvilEthConfig
FNDA:2,HelperConfig.getOrCreateAnvilEthConfig
DA:86,40
DA:86,40
DA:86,40
BRDA:86,1,0,2
BRDA:86,1,1,38
DA:87,2
DA:87,2
DA:89,38
DA:89,38
DA:90,38
DA:90,38
DA:92,38
DA:92,38
DA:94,38
DA:94,38
DA:95,38
DA:95,38
FN:101,HelperConfig._deployMocks
FNDA:38,HelperConfig._deployMocks
FNF:10
FNH:10
LF:22
LH:22
BRF:4
BRH:4
end_of_record
TN:
SF:src/FactoryNFTContract.sol
FN:37,FactoryNFTContract.
FNDA:4,FactoryNFTContract.
FN:52,FactoryNFTContract.createCollection
FNDA:2,FactoryNFTContract.createCollection
DA:62,2
DA:62,2
DA:62,2
DA:63,2
DA:63,2
DA:64,2
DA:64,2
FN:74,FactoryNFTContract.getCollections
FNDA:4,FactoryNFTContract.getCollections
DA:75,4
DA:75,4
FNF:3
FNH:3
LF:4
LH:4
BRF:0
BRH:0
end_of_record
TN:
SF:src/MarketPlace.sol
FN:59,MarketPlace.
FNDA:9,MarketPlace.
FN:71,MarketPlace.listNFT
FNDA:994,MarketPlace.listNFT
DA:72,994
DA:72,994
DA:72,994
DA:73,994
DA:73,994
BRDA:73,0,0,1
BRDA:73,0,1,993
DA:74,1
DA:74,1
DA:77,993
DA:77,993
DA:77,993
BRDA:77,1,0,1
BRDA:77,1,1,992
DA:78,1
DA:78,1
DA:81,992
DA:81,992
BRDA:81,2,0,1
BRDA:81,2,1,991
DA:82,1
DA:82,1
DA:85,991
DA:85,991
DA:87,991
DA:87,991
FN:96,MarketPlace.delistNFT
FNDA:4,MarketPlace.delistNFT
DA:97,4
DA:97,4
DA:98,4
DA:98,4
DA:100,4
DA:100,4
BRDA:100,3,0,1
BRDA:100,3,1,3
DA:101,1
DA:101,1
DA:104,3
DA:104,3
DA:106,3
DA:106,3
FN:115,MarketPlace.buyNFT
FNDA:9,MarketPlace.buyNFT
DA:116,9
DA:116,9
DA:116,9
DA:117,9
DA:117,9
DA:118,9
DA:118,9
DA:119,9
DA:119,9
BRDA:119,4,0,1
BRDA:119,4,1,8
DA:120,1
DA:120,1
DA:123,8
DA:123,8
DA:124,8
DA:124,8
DA:124,8
BRDA:124,5,0,1
BRDA:124,5,1,7
DA:125,1
DA:125,1
DA:128,7
DA:128,7
DA:129,7
DA:129,7
DA:130,7
DA:130,7
DA:132,7
DA:132,7
FN:139,MarketPlace.withdrawProceeds
FNDA:4,MarketPlace.withdrawProceeds
DA:140,4
DA:140,4
DA:141,4
DA:141,4
BRDA:141,6,0,1
BRDA:141,6,1,3
DA:141,1
DA:143,3
DA:143,3
DA:146,3
DA:146,3
DA:146,3
DA:147,3
DA:147,3
BRDA:147,7,0,1
BRDA:147,7,1,2
DA:147,1
DA:149,2
DA:149,2
FN:161,MarketPlace.getListing
FNDA:975,MarketPlace.getListing
DA:162,975
DA:162,975
FN:170,MarketPlace.getSellerProceeds
FNDA:12,MarketPlace.getSellerProceeds
DA:171,12
DA:171,12
FNF:7
FNH:7
LF:35
LH:35
BRF:16
BRH:16
end_of_record
TN:
SF:src/NFTContract.sol
FN:49,NFTContract.
FNDA:8,NFTContract.
DA:60,6
DA:60,6
BRDA:60,0,0,4
BRDA:60,0,1,4
DA:61,4
DA:61,4
DA:63,4
DA:63,4
DA:64,4
DA:64,4
DA:65,4
DA:65,4
DA:66,4
DA:66,4
FN:78,NFTContract.safeMint
FNDA:79,NFTContract.safeMint
DA:79,79
DA:79,79
BRDA:79,1,0,1
BRDA:79,1,1,78
DA:80,1
DA:80,1
DA:82,78
DA:82,78
DA:82,78
DA:83,78
DA:83,78
DA:84,78
DA:84,78
DA:86,78
DA:86,78
FN:95,NFTContract.updateRoyaltyInfo
FNDA:3,NFTContract.updateRoyaltyInfo
DA:96,3
DA:96,3
BRDA:96,2,0,1
BRDA:96,2,1,2
DA:97,1
DA:97,1
DA:99,2
DA:99,2
DA:100,2
DA:100,2
DA:102,2
DA:102,2
FN:110,NFTContract.setBaseURI
FNDA:1,NFTContract.setBaseURI
DA:111,1
DA:111,1
FN:121,NFTContract.getMaxSupply
FNDA:1,NFTContract.getMaxSupply
DA:122,1
DA:122,1
FN:129,NFTContract.getRoyaltyPercentage
FNDA:3,NFTContract.getRoyaltyPercentage
DA:130,3
DA:130,3
FN:137,NFTContract.getBaseURI
FNDA:2,NFTContract.getBaseURI
DA:138,2
DA:138,2
FN:148,NFTContract._baseURI
FNDA:1,NFTContract._baseURI
DA:149,1
DA:149,1
FN:159,NFTContract._update
FNDA:78,NFTContract._update
DA:168,78
DA:168,78
DA:168,78
FN:176,NFTContract._increaseBalance
FNDA:0,NFTContract._increaseBalance
DA:177,0
DA:177,0
FN:185,NFTContract.tokenURI
FNDA:1,NFTContract.tokenURI
DA:186,1
DA:186,1
DA:186,1
FN:194,NFTContract.supportsInterface
FNDA:2,NFTContract.supportsInterface
DA:200,2
DA:200,2
DA:200,2
FNF:12
FNH:11
LF:26
LH:25
BRF:6
BRH:6
end_of_record
TN:
SF:test/mocks/MockERC721.sol
FN:10,MockERC721.
FNDA:9,MockERC721.
DA:11,7
DA:11,7
FN:14,MockERC721.mint
FNDA:1324,MockERC721.mint
DA:15,1324
DA:15,1324
DA:16,1324
DA:16,1324
FN:19,MockERC721.transferFrom
FNDA:2,MockERC721.transferFrom
DA:20,9
DA:20,9
FN:23,MockERC721.approve
FNDA:13,MockERC721.approve
DA:24,13
DA:24,13
FN:27,MockERC721.burn
FNDA:1,MockERC721.burn
DA:28,1
DA:28,1
DA:29,1
DA:29,1
FN:32,MockERC721.ownerOf
FNDA:1008,MockERC721.ownerOf
DA:33,1008
DA:33,1008
DA:33,1008
FN:36,MockERC721.balanceOf
FNDA:4,MockERC721.balanceOf
DA:37,4
DA:37,4
DA:37,4
FN:41,MockERC721.getTotalSupply
FNDA:6,MockERC721.getTotalSupply
DA:42,6
DA:42,6
FNF:8
FNH:8
LF:10
LH:10
BRF:0
BRH:0
end_of_record
